<?xml version="1.0" encoding="UTF-8"?>
<robot generator="Robot 3.1.2 (Python 3.7.5 on linux)" generated="20200324 12:12:56.988" rpa="false">
<suite id="s1" name="Robot Initial" source="/home/talha_javaid/pyats/robot_initial.robot">
<test id="s1-t1" name="Connect">
<kw name="use genie testbed &quot;${testbed}&quot;" library="genie.libs.robot.GenieRobot">
<doc>Create the genie testbed</doc>
<msg timestamp="20200324 12:12:57.515" level="INFO">+------------------------------------------------------------------------------+
|                            Genie datafiles used:                             |
+------------------------------------------------------------------------------+</msg>
<msg timestamp="20200324 12:12:57.515" level="INFO">Trigger datafile          | </msg>
<msg timestamp="20200324 12:12:57.515" level="INFO">Verification  datafile    | </msg>
<msg timestamp="20200324 12:12:57.516" level="INFO">Pts datafile              | /home/talha_javaid/pyats/lib/python3.7/site-packages/genie/libs/sdk/genie_yamls/pts_datafile.yaml</msg>
<msg timestamp="20200324 12:12:57.516" level="INFO">Subsection datafile       | /home/talha_javaid/pyats/lib/python3.7/site-packages/genie/libs/sdk/genie_yamls/subsection_datafile.yaml</msg>
<msg timestamp="20200324 12:12:57.517" level="INFO">Config datafile           | None</msg>
<msg timestamp="20200324 12:12:57.536" level="WARN">Could not load the Datafile correctly</msg>
<status status="PASS" starttime="20200324 12:12:57.487" endtime="20200324 12:12:57.536"></status>
</kw>
<kw name="connect to device &quot;R4-100&quot;" library="pyats.robot.pyATSRobot">
<doc>Connect to device connection as defined in testbed.yaml</doc>
<msg timestamp="20200324 12:12:57.537" level="INFO">Connecting to device 'Device R4-100, type ios'</msg>
<msg timestamp="20200324 12:12:57.537" level="INFO">kwargs: {}</msg>
<msg timestamp="20200324 12:13:00.874" level="INFO">[2020-03-24 12:12:57,538] +++ R4-100 logfile /tmp/R4-100-cli-20200324T121257537.log +++
[2020-03-24 12:12:57,538] +++ Unicon plugin ios +++
Password: 
[2020-03-24 12:12:59,807] +++ connection to spawn: ssh -l cisco 100.1.3.1, id: 140424499107024 +++
[2020-03-24 12:12:59,808] connection to R4-100


R4-100#
[2020-03-24 12:13:00,047] +++ initializing handle +++
[2020-03-24 12:13:00,049] +++ R4-100: executing command 'term length 0' +++
term length 0
R4-100#
[2020-03-24 12:13:00,318] +++ R4-100: executing command 'term width 0' +++
term width 0
R4-100#
[2020-03-24 12:13:00,420] +++ R4-100: executing command 'show version' +++
show version
Cisco IOS Software, Linux Software (I86BI_LINUX-ADVENTERPRISEK9-M), Version 15.4(1)T, DEVELOPMENT TEST SOFTWARE
Technical Support: http://www.cisco.com/techsupport
Copyright (c) 1986-2013 by Cisco Systems, Inc.
Compiled Sat 23-Nov-13 03:28 by prod_rel_team

ROM: Bootstrap program is Linux

R4-100 uptime is 1 hour, 50 minutes
System returned to ROM by reload at 0
System image file is "unix:/home/talha_javaid/GNS3/images/IOU/i86bi-linux-l3-adventerprise"
Last reload reason: Unknown reason



This product contains cryptographic features and is subject to United
States and local country laws governing import, export, transfer and
use. Delivery of Cisco cryptographic products does not imply
third-party authority to import, export, distribute or use encryption.
Importers, exporters, distributors and users are responsible for
compliance with U.S. and local country laws. By using this product you
agree to comply with applicable laws and regulations. If you are unable
to comply with U.S. and local laws, return this product immediately.

A summary of U.S. laws governing Cisco cryptographic products may be found at:
http://www.cisco.com/wwl/export/crypto/tool/stqrg.html

If you require further assistance please contact us by sending email to
export@cisco.com.

Linux Unix (Intel-x86) processor with 104952K bytes of memory.
Processor board ID 2048009
8 Ethernet interfaces
8 Serial interfaces
64K bytes of NVRAM.



Configuration register is 0x0

R4-100#
[2020-03-24 12:13:00,566] +++ R4-100: config +++
config term
Enter configuration commands, one per line.  End with CNTL/Z.
R4-100(config)#no logging console
R4-100(config)#line console 0
R4-100(config-line)#exec-timeout 0
R4-100(config-line)#end
R4-100#</msg>
<status status="PASS" starttime="20200324 12:12:57.537" endtime="20200324 12:13:00.875"></status>
</kw>
<kw name="connect to device &quot;R6-200&quot;" library="pyats.robot.pyATSRobot">
<doc>Connect to device connection as defined in testbed.yaml</doc>
<msg timestamp="20200324 12:13:00.877" level="INFO">Connecting to device 'Device R6-200, type ios'</msg>
<msg timestamp="20200324 12:13:00.877" level="INFO">kwargs: {}</msg>
<msg timestamp="20200324 12:13:04.064" level="INFO">[2020-03-24 12:13:00,882] +++ R6-200 logfile /tmp/R6-200-cli-20200324T121300881.log +++
[2020-03-24 12:13:00,883] +++ Unicon plugin ios +++
Password: 
[2020-03-24 12:13:03,199] +++ connection to spawn: ssh -l cisco 200.1.2.1, id: 140424499192848 +++
[2020-03-24 12:13:03,199] connection to R6-200


R6-200#
[2020-03-24 12:13:03,363] +++ initializing handle +++
[2020-03-24 12:13:03,364] +++ R6-200: executing command 'term length 0' +++
term length 0
R6-200#
[2020-03-24 12:13:03,546] +++ R6-200: executing command 'term width 0' +++
term width 0
R6-200#
[2020-03-24 12:13:03,655] +++ R6-200: executing command 'show version' +++
show version
Cisco IOS Software, Linux Software (I86BI_LINUX-ADVENTERPRISEK9-M), Version 15.4(1)T, DEVELOPMENT TEST SOFTWARE
Technical Support: http://www.cisco.com/techsupport
Copyright (c) 1986-2013 by Cisco Systems, Inc.
Compiled Sat 23-Nov-13 03:28 by prod_rel_team

ROM: Bootstrap program is Linux

R6-200 uptime is 1 hour, 50 minutes
System returned to ROM by reload at 0
System image file is "unix:/home/talha_javaid/GNS3/images/IOU/i86bi-linux-l3-adventerprise"
Last reload reason: Unknown reason



This product contains cryptographic features and is subject to United
States and local country laws governing import, export, transfer and
use. Delivery of Cisco cryptographic products does not imply
third-party authority to import, export, distribute or use encryption.
Importers, exporters, distributors and users are responsible for
compliance with U.S. and local country laws. By using this product you
agree to comply with applicable laws and regulations. If you are unable
to comply with U.S. and local laws, return this product immediately.

A summary of U.S. laws governing Cisco cryptographic products may be found at:
http://www.cisco.com/wwl/export/crypto/tool/stqrg.html

If you require further assistance please contact us by sending email to
export@cisco.com.

Linux Unix (Intel-x86) processor with 104952K bytes of memory.
Processor board ID 2048001
8 Ethernet interfaces
8 Serial interfaces
64K bytes of NVRAM.



Configuration register is 0x0

R6-200#
[2020-03-24 12:13:03,810] +++ R6-200: config +++
config term
Enter configuration commands, one per line.  End with CNTL/Z.
R6-200(config)#no logging console
R6-200(config)#line console 0
R6-200(config-line)#exec-timeout 0
R6-200(config-line)#end
R6-200#</msg>
<status status="PASS" starttime="20200324 12:13:00.876" endtime="20200324 12:13:04.065"></status>
</kw>
<kw name="connect to device &quot;R9-300&quot;" library="pyats.robot.pyATSRobot">
<doc>Connect to device connection as defined in testbed.yaml</doc>
<msg timestamp="20200324 12:13:04.067" level="INFO">Connecting to device 'Device R9-300, type ios'</msg>
<msg timestamp="20200324 12:13:04.068" level="INFO">kwargs: {}</msg>
<msg timestamp="20200324 12:13:07.343" level="INFO">[2020-03-24 12:13:04,072] +++ R9-300 logfile /tmp/R9-300-cli-20200324T121304071.log +++
[2020-03-24 12:13:04,073] +++ Unicon plugin ios +++
Password: 
[2020-03-24 12:13:06,356] +++ connection to spawn: ssh -l cisco 200.1.3.1, id: 140424499270864 +++
[2020-03-24 12:13:06,356] connection to R9-300


R9-300#
[2020-03-24 12:13:06,508] +++ initializing handle +++
[2020-03-24 12:13:06,509] +++ R9-300: executing command 'term length 0' +++
term length 0
R9-300#
[2020-03-24 12:13:06,681] +++ R9-300: executing command 'term width 0' +++
term width 0
R9-300#
[2020-03-24 12:13:06,790] +++ R9-300: executing command 'show version' +++
show version
Cisco IOS Software, Linux Software (I86BI_LINUX-ADVENTERPRISEK9-M), Version 15.4(1)T, DEVELOPMENT TEST SOFTWARE
Technical Support: http://www.cisco.com/techsupport
Copyright (c) 1986-2013 by Cisco Systems, Inc.
Compiled Sat 23-Nov-13 03:28 by prod_rel_team

ROM: Bootstrap program is Linux

R9-300 uptime is 1 hour, 50 minutes
System returned to ROM by reload at 0
System image file is "unix:/home/talha_javaid/GNS3/images/IOU/i86bi-linux-l3-adventerprise"
Last reload reason: Unknown reason



This product contains cryptographic features and is subject to United
States and local country laws governing import, export, transfer and
use. Delivery of Cisco cryptographic products does not imply
third-party authority to import, export, distribute or use encryption.
Importers, exporters, distributors and users are responsible for
compliance with U.S. and local country laws. By using this product you
agree to comply with applicable laws and regulations. If you are unable
to comply with U.S. and local laws, return this product immediately.

A summary of U.S. laws governing Cisco cryptographic products may be found at:
http://www.cisco.com/wwl/export/crypto/tool/stqrg.html

If you require further assistance please contact us by sending email to
export@cisco.com.

Linux Unix (Intel-x86) processor with 104952K bytes of memory.
Processor board ID 2048003
8 Ethernet interfaces
8 Serial interfaces
64K bytes of NVRAM.



Configuration register is 0x0

R9-300#
[2020-03-24 12:13:06,934] +++ R9-300: config +++
config term
Enter configuration commands, one per line.  End with CNTL/Z.
R9-300(config)#no logging console
R9-300(config)#line console 0
R9-300(config-line)#exec-timeout 0
R9-300(config-line)#end
R9-300#</msg>
<status status="PASS" starttime="20200324 12:13:04.066" endtime="20200324 12:13:07.344"></status>
</kw>
<status status="PASS" starttime="20200324 12:12:57.486" endtime="20200324 12:13:07.345" critical="yes"></status>
</test>
<test id="s1-t2" name="Profile the devices">
<kw name="Profile the system for &quot;bgp;interface;ospf&quot; on devices &quot;R4-100;R6-200;R9-300&quot; as &quot;./good_snapshot&quot;" library="genie.libs.robot.GenieRobot">
<doc>Profile system as per the provided features on the devices</doc>
<msg timestamp="20200324 12:13:07.349" level="INFO">Start learning feature bgp</msg>
<msg timestamp="20200324 12:13:10.887" level="INFO">Could not learn &lt;class 'genie.libs.parser.ios.show_bgp.ShowIpBgpTemplatePeerSession'&gt;
Parser Output is empty</msg>
<msg timestamp="20200324 12:13:11.043" level="INFO">Could not learn &lt;class 'genie.libs.parser.ios.show_bgp.ShowIpBgpTemplatePeerPolicy'&gt;
Parser Output is empty</msg>
<msg timestamp="20200324 12:13:11.410" level="INFO">Could not learn &lt;class 'genie.libs.parser.ios.show_bgp.ShowIpBgpAllDampeningParameters'&gt;
Parser Output is empty</msg>
<msg timestamp="20200324 12:13:12.636" level="INFO">Could not learn &lt;class 'genie.libs.parser.ios.show_bgp.ShowBgpAllNeighborsPolicy'&gt;
Parser Output is empty</msg>
<msg timestamp="20200324 12:13:12.747" level="INFO">Could not learn &lt;class 'genie.libs.parser.ios.show_bgp.ShowBgpAllNeighborsPolicy'&gt;
Parser Output is empty</msg>
<msg timestamp="20200324 12:13:13.017" level="INFO">Could not learn &lt;class 'genie.libs.parser.ios.show_bgp.ShowBgpAllDetail'&gt;
Invalid command has been executed</msg>
<msg timestamp="20200324 12:13:15.073" level="INFO">Could not learn &lt;class 'genie.libs.parser.ios.show_bgp.ShowBgpAllNeighborsRoutes'&gt;
Parser Output is empty</msg>
<msg timestamp="20200324 12:13:15.314" level="INFO">Could not learn &lt;class 'genie.libs.parser.ios.show_bgp.ShowBgpAllNeighborsReceivedRoutes'&gt;
Parser Output is empty</msg>
<msg timestamp="20200324 12:13:15.564" level="INFO">Could not learn &lt;class 'genie.libs.parser.ios.show_bgp.ShowBgpAllNeighborsReceivedRoutes'&gt;
Parser Output is empty</msg>
<msg timestamp="20200324 12:13:15.566" level="INFO">+====================================================================================================================================================+</msg>
<msg timestamp="20200324 12:13:15.566" level="INFO">| Commands for learning feature 'Bgp'                                                                                                                |</msg>
<msg timestamp="20200324 12:13:15.567" level="INFO">+====================================================================================================================================================+</msg>
<msg timestamp="20200324 12:13:15.567" level="INFO">| - Parsed commands                                                                                                                                  |</msg>
<msg timestamp="20200324 12:13:15.567" level="INFO">|----------------------------------------------------------------------------------------------------------------------------------------------------|</msg>
<msg timestamp="20200324 12:13:15.567" level="INFO">|   cmd: &lt;class 'genie.libs.parser.ios.show_bgp.ShowBgpAllSummary'&gt;, arguments: {'address_family':'','vrf':''}                                       |</msg>
<msg timestamp="20200324 12:13:15.567" level="INFO">|   cmd: &lt;class 'genie.libs.parser.ios.show_bgp.ShowBgpAllClusterIds'&gt;                                                                               |</msg>
<msg timestamp="20200324 12:13:15.568" level="INFO">|   cmd: &lt;class 'genie.libs.parser.ios.show_bgp.ShowBgpAllNeighbors'&gt;, arguments: {'address_family':'','neighbor':''}                                |</msg>
<msg timestamp="20200324 12:13:15.568" level="INFO">|   cmd: &lt;class 'genie.libs.parser.ios.show_bgp.ShowBgpAll'&gt;, arguments: {'address_family':''}                                                       |</msg>
<msg timestamp="20200324 12:13:15.568" level="INFO">|   cmd: &lt;class 'genie.libs.parser.ios.show_bgp.ShowBgpAllNeighborsAdvertisedRoutes'&gt;, arguments: {'address_family':'','neighbor':'100.1.3.2'}       |</msg>
<msg timestamp="20200324 12:13:15.568" level="INFO">|   cmd: &lt;class 'genie.libs.parser.ios.show_bgp.ShowBgpAllNeighborsAdvertisedRoutes'&gt;, arguments: {'address_family':'','neighbor':'172.16.3.1'}      |</msg>
<msg timestamp="20200324 12:13:15.568" level="INFO">|   cmd: &lt;class 'genie.libs.parser.ios.show_bgp.ShowBgpAllNeighborsRoutes'&gt;, arguments: {'address_family':'','neighbor':'100.1.3.2'}                 |</msg>
<msg timestamp="20200324 12:13:15.569" level="INFO">|====================================================================================================================================================|</msg>
<msg timestamp="20200324 12:13:15.569" level="INFO">| - Commands not accepted on the device                                                                                                              |</msg>
<msg timestamp="20200324 12:13:15.569" level="INFO">|----------------------------------------------------------------------------------------------------------------------------------------------------|</msg>
<msg timestamp="20200324 12:13:15.569" level="INFO">|   cmd: &lt;class 'genie.libs.parser.ios.show_bgp.ShowBgpAllDetail'&gt;, arguments: {'address_family':'','vrf':''}                                        |</msg>
<msg timestamp="20200324 12:13:15.569" level="INFO">|====================================================================================================================================================|</msg>
<msg timestamp="20200324 12:13:15.569" level="INFO">| - Commands with empty output                                                                                                                       |</msg>
<msg timestamp="20200324 12:13:15.570" level="INFO">|----------------------------------------------------------------------------------------------------------------------------------------------------|</msg>
<msg timestamp="20200324 12:13:15.570" level="INFO">|   cmd: &lt;class 'genie.libs.parser.ios.show_bgp.ShowIpBgpTemplatePeerSession'&gt;                                                                       |</msg>
<msg timestamp="20200324 12:13:15.570" level="INFO">|   cmd: &lt;class 'genie.libs.parser.ios.show_bgp.ShowIpBgpTemplatePeerPolicy'&gt;                                                                        |</msg>
<msg timestamp="20200324 12:13:15.570" level="INFO">|   cmd: &lt;class 'genie.libs.parser.ios.show_bgp.ShowIpBgpAllDampeningParameters'&gt;                                                                    |</msg>
<msg timestamp="20200324 12:13:15.570" level="INFO">|   cmd: &lt;class 'genie.libs.parser.ios.show_bgp.ShowBgpAllNeighborsPolicy'&gt;, arguments: {'neighbor':'100.1.3.2'}                                     |</msg>
<msg timestamp="20200324 12:13:15.571" level="INFO">|   cmd: &lt;class 'genie.libs.parser.ios.show_bgp.ShowBgpAllNeighborsPolicy'&gt;, arguments: {'neighbor':'172.16.3.1'}                                    |</msg>
<msg timestamp="20200324 12:13:15.571" level="INFO">|   cmd: &lt;class 'genie.libs.parser.ios.show_bgp.ShowBgpAllNeighborsRoutes'&gt;, arguments: {'address_family':'','neighbor':'172.16.3.1'}                |</msg>
<msg timestamp="20200324 12:13:15.571" level="INFO">|   cmd: &lt;class 'genie.libs.parser.ios.show_bgp.ShowBgpAllNeighborsReceivedRoutes'&gt;, arguments: {'address_family':'','neighbor':'100.1.3.2'}         |</msg>
<msg timestamp="20200324 12:13:15.571" level="INFO">|   cmd: &lt;class 'genie.libs.parser.ios.show_bgp.ShowBgpAllNeighborsReceivedRoutes'&gt;, arguments: {'address_family':'','neighbor':'172.16.3.1'}        |</msg>
<msg timestamp="20200324 12:13:15.571" level="INFO">|====================================================================================================================================================|</msg>
<msg timestamp="20200324 12:13:15.588" level="INFO">Start learning feature interface</msg>
<msg timestamp="20200324 12:13:15.775" level="INFO">Could not learn &lt;class 'genie.libs.parser.iosxe.show_vrf.ShowVrf'&gt;
Parser Output is empty</msg>
<msg timestamp="20200324 12:13:16.410" level="INFO">Could not learn &lt;class 'genie.libs.parser.iosxe.show_interface.ShowIpv6Interface'&gt;
Parser Output is empty</msg>
<msg timestamp="20200324 12:13:16.411" level="INFO">+====================================================================================================================================================+</msg>
<msg timestamp="20200324 12:13:16.411" level="INFO">| Commands for learning feature 'Interface'                                                                                                          |</msg>
<msg timestamp="20200324 12:13:16.412" level="INFO">+====================================================================================================================================================+</msg>
<msg timestamp="20200324 12:13:16.412" level="INFO">| - Parsed commands                                                                                                                                  |</msg>
<msg timestamp="20200324 12:13:16.412" level="INFO">|----------------------------------------------------------------------------------------------------------------------------------------------------|</msg>
<msg timestamp="20200324 12:13:16.412" level="INFO">|   cmd: &lt;class 'genie.libs.parser.iosxe.show_interface.ShowInterfaces'&gt;, arguments: {'interface':''}                                                |</msg>
<msg timestamp="20200324 12:13:16.412" level="INFO">|   cmd: &lt;class 'genie.libs.parser.iosxe.show_interface.ShowInterfacesAccounting'&gt;, arguments: {'interface':''}                                      |</msg>
<msg timestamp="20200324 12:13:16.413" level="INFO">|   cmd: &lt;class 'genie.libs.parser.iosxe.show_interface.ShowIpInterface'&gt;, arguments: {'interface':''}                                               |</msg>
<msg timestamp="20200324 12:13:16.413" level="INFO">|====================================================================================================================================================|</msg>
<msg timestamp="20200324 12:13:16.413" level="INFO">| - Commands with empty output                                                                                                                       |</msg>
<msg timestamp="20200324 12:13:16.413" level="INFO">|----------------------------------------------------------------------------------------------------------------------------------------------------|</msg>
<msg timestamp="20200324 12:13:16.413" level="INFO">|   cmd: &lt;class 'genie.libs.parser.iosxe.show_vrf.ShowVrf'&gt;, arguments: {'vrf':''}                                                                   |</msg>
<msg timestamp="20200324 12:13:16.413" level="INFO">|   cmd: &lt;class 'genie.libs.parser.iosxe.show_interface.ShowIpv6Interface'&gt;, arguments: {'interface':''}                                             |</msg>
<msg timestamp="20200324 12:13:16.414" level="INFO">|====================================================================================================================================================|</msg>
<msg timestamp="20200324 12:13:16.474" level="INFO">Start learning feature ospf</msg>
<msg timestamp="20200324 12:13:22.676" level="INFO">Could not learn &lt;class 'genie.libs.parser.ios.show_ospf.ShowIpOspfVirtualLinks'&gt;
Parser Output is empty</msg>
<msg timestamp="20200324 12:13:23.834" level="INFO">Could not learn &lt;class 'genie.libs.parser.ios.show_ospf.ShowIpOspfShamLinks'&gt;
Parser Output is empty</msg>
<msg timestamp="20200324 12:13:23.836" level="INFO">+====================================================================================================================================================+</msg>
<msg timestamp="20200324 12:13:23.836" level="INFO">| Commands for learning feature 'Ospf'                                                                                                               |</msg>
<msg timestamp="20200324 12:13:23.837" level="INFO">+====================================================================================================================================================+</msg>
<msg timestamp="20200324 12:13:23.837" level="INFO">| - Parsed commands                                                                                                                                  |</msg>
<msg timestamp="20200324 12:13:23.837" level="INFO">|----------------------------------------------------------------------------------------------------------------------------------------------------|</msg>
<msg timestamp="20200324 12:13:23.837" level="INFO">|   cmd: &lt;class 'genie.libs.parser.ios.show_ospf.ShowIpOspf'&gt;                                                                                        |</msg>
<msg timestamp="20200324 12:13:23.838" level="INFO">|   cmd: &lt;class 'genie.libs.parser.iosxe.show_protocols.ShowIpProtocols'&gt;, arguments: {'vrf':''}                                                     |</msg>
<msg timestamp="20200324 12:13:23.838" level="INFO">|   cmd: &lt;class 'genie.libs.parser.ios.show_ospf.ShowIpOspfMplsLdpInterface'&gt;, arguments: {'interface':''}                                           |</msg>
<msg timestamp="20200324 12:13:23.838" level="INFO">|   cmd: &lt;class 'genie.libs.parser.ios.show_ospf.ShowIpOspfMplsTrafficEngLink'&gt;                                                                      |</msg>
<msg timestamp="20200324 12:13:23.838" level="INFO">|   cmd: &lt;class 'genie.libs.parser.ios.show_ospf.ShowIpOspfDatabaseRouter'&gt;                                                                          |</msg>
<msg timestamp="20200324 12:13:23.838" level="INFO">|   cmd: &lt;class 'genie.libs.parser.ios.show_ospf.ShowIpOspfDatabaseNetwork'&gt;                                                                         |</msg>
<msg timestamp="20200324 12:13:23.839" level="INFO">|   cmd: &lt;class 'genie.libs.parser.ios.show_ospf.ShowIpOspfDatabaseExternal'&gt;                                                                        |</msg>
<msg timestamp="20200324 12:13:23.839" level="INFO">|   cmd: &lt;class 'genie.libs.parser.ios.show_ospf.ShowIpOspfDatabaseSummary'&gt;                                                                         |</msg>
<msg timestamp="20200324 12:13:23.839" level="INFO">|   cmd: &lt;class 'genie.libs.parser.ios.show_ospf.ShowIpOspfDatabaseOpaqueArea'&gt;                                                                      |</msg>
<msg timestamp="20200324 12:13:23.839" level="INFO">|   cmd: &lt;class 'genie.libs.parser.ios.show_ospf.ShowIpOspfInterface'&gt;, arguments: {'interface':''}                                                  |</msg>
<msg timestamp="20200324 12:13:23.839" level="INFO">|   cmd: &lt;class 'genie.libs.parser.ios.show_ospf.ShowIpOspfNeighborDetail'&gt;, arguments: {'neighbor':''}                                              |</msg>
<msg timestamp="20200324 12:13:23.839" level="INFO">|====================================================================================================================================================|</msg>
<msg timestamp="20200324 12:13:23.840" level="INFO">| - Commands with empty output                                                                                                                       |</msg>
<msg timestamp="20200324 12:13:23.840" level="INFO">|----------------------------------------------------------------------------------------------------------------------------------------------------|</msg>
<msg timestamp="20200324 12:13:23.840" level="INFO">|   cmd: &lt;class 'genie.libs.parser.ios.show_ospf.ShowIpOspfVirtualLinks'&gt;                                                                            |</msg>
<msg timestamp="20200324 12:13:23.840" level="INFO">|   cmd: &lt;class 'genie.libs.parser.ios.show_ospf.ShowIpOspfShamLinks'&gt;                                                                               |</msg>
<msg timestamp="20200324 12:13:23.840" level="INFO">|====================================================================================================================================================|</msg>
<msg timestamp="20200324 12:13:23.962" level="INFO">Start learning feature bgp</msg>
<msg timestamp="20200324 12:13:28.539" level="INFO">Could not learn &lt;class 'genie.libs.parser.ios.show_bgp.ShowIpBgpTemplatePeerSession'&gt;
Parser Output is empty</msg>
<msg timestamp="20200324 12:13:28.700" level="INFO">Could not learn &lt;class 'genie.libs.parser.ios.show_bgp.ShowIpBgpTemplatePeerPolicy'&gt;
Parser Output is empty</msg>
<msg timestamp="20200324 12:13:29.137" level="INFO">Could not learn &lt;class 'genie.libs.parser.ios.show_bgp.ShowIpBgpAllDampeningParameters'&gt;
Parser Output is empty</msg>
<msg timestamp="20200324 12:13:32.674" level="INFO">Could not learn &lt;class 'genie.libs.parser.ios.show_bgp.ShowBgpAllNeighborsPolicy'&gt;
Parser Output is empty</msg>
<msg timestamp="20200324 12:13:32.826" level="INFO">Could not learn &lt;class 'genie.libs.parser.ios.show_bgp.ShowBgpAllNeighborsPolicy'&gt;
Parser Output is empty</msg>
<msg timestamp="20200324 12:13:33.081" level="INFO">Could not learn &lt;class 'genie.libs.parser.ios.show_bgp.ShowBgpAllDetail'&gt;
Invalid command has been executed</msg>
<msg timestamp="20200324 12:13:35.472" level="INFO">Could not learn &lt;class 'genie.libs.parser.ios.show_bgp.ShowBgpAllNeighborsReceivedRoutes'&gt;
Parser Output is empty</msg>
<msg timestamp="20200324 12:13:35.695" level="INFO">Could not learn &lt;class 'genie.libs.parser.ios.show_bgp.ShowBgpAllNeighborsReceivedRoutes'&gt;
Parser Output is empty</msg>
<msg timestamp="20200324 12:13:35.697" level="INFO">+====================================================================================================================================================+</msg>
<msg timestamp="20200324 12:13:35.697" level="INFO">| Commands for learning feature 'Bgp'                                                                                                                |</msg>
<msg timestamp="20200324 12:13:35.697" level="INFO">+====================================================================================================================================================+</msg>
<msg timestamp="20200324 12:13:35.698" level="INFO">| - Parsed commands                                                                                                                                  |</msg>
<msg timestamp="20200324 12:13:35.698" level="INFO">|----------------------------------------------------------------------------------------------------------------------------------------------------|</msg>
<msg timestamp="20200324 12:13:35.698" level="INFO">|   cmd: &lt;class 'genie.libs.parser.ios.show_bgp.ShowBgpAllSummary'&gt;, arguments: {'address_family':'','vrf':''}                                       |</msg>
<msg timestamp="20200324 12:13:35.698" level="INFO">|   cmd: &lt;class 'genie.libs.parser.ios.show_bgp.ShowBgpAllClusterIds'&gt;                                                                               |</msg>
<msg timestamp="20200324 12:13:35.698" level="INFO">|   cmd: &lt;class 'genie.libs.parser.ios.show_bgp.ShowBgpAllNeighbors'&gt;, arguments: {'address_family':'','neighbor':''}                                |</msg>
<msg timestamp="20200324 12:13:35.699" level="INFO">|   cmd: &lt;class 'genie.libs.parser.ios.show_bgp.ShowBgpAll'&gt;, arguments: {'address_family':''}                                                       |</msg>
<msg timestamp="20200324 12:13:35.699" level="INFO">|   cmd: &lt;class 'genie.libs.parser.ios.show_bgp.ShowBgpAllNeighborsAdvertisedRoutes'&gt;, arguments: {'address_family':'','neighbor':'192.168.1.1'}     |</msg>
<msg timestamp="20200324 12:13:35.699" level="INFO">|   cmd: &lt;class 'genie.libs.parser.ios.show_bgp.ShowBgpAllNeighborsAdvertisedRoutes'&gt;, arguments: {'address_family':'','neighbor':'200.1.2.2'}       |</msg>
<msg timestamp="20200324 12:13:35.699" level="INFO">|   cmd: &lt;class 'genie.libs.parser.ios.show_bgp.ShowBgpAllNeighborsRoutes'&gt;, arguments: {'address_family':'','neighbor':'192.168.1.1'}               |</msg>
<msg timestamp="20200324 12:13:35.699" level="INFO">|   cmd: &lt;class 'genie.libs.parser.ios.show_bgp.ShowBgpAllNeighborsRoutes'&gt;, arguments: {'address_family':'','neighbor':'200.1.2.2'}                 |</msg>
<msg timestamp="20200324 12:13:35.699" level="INFO">|====================================================================================================================================================|</msg>
<msg timestamp="20200324 12:13:35.700" level="INFO">| - Commands not accepted on the device                                                                                                              |</msg>
<msg timestamp="20200324 12:13:35.700" level="INFO">|----------------------------------------------------------------------------------------------------------------------------------------------------|</msg>
<msg timestamp="20200324 12:13:35.700" level="INFO">|   cmd: &lt;class 'genie.libs.parser.ios.show_bgp.ShowBgpAllDetail'&gt;, arguments: {'address_family':'','vrf':''}                                        |</msg>
<msg timestamp="20200324 12:13:35.700" level="INFO">|====================================================================================================================================================|</msg>
<msg timestamp="20200324 12:13:35.700" level="INFO">| - Commands with empty output                                                                                                                       |</msg>
<msg timestamp="20200324 12:13:35.700" level="INFO">|----------------------------------------------------------------------------------------------------------------------------------------------------|</msg>
<msg timestamp="20200324 12:13:35.701" level="INFO">|   cmd: &lt;class 'genie.libs.parser.ios.show_bgp.ShowIpBgpTemplatePeerSession'&gt;                                                                       |</msg>
<msg timestamp="20200324 12:13:35.701" level="INFO">|   cmd: &lt;class 'genie.libs.parser.ios.show_bgp.ShowIpBgpTemplatePeerPolicy'&gt;                                                                        |</msg>
<msg timestamp="20200324 12:13:35.701" level="INFO">|   cmd: &lt;class 'genie.libs.parser.ios.show_bgp.ShowIpBgpAllDampeningParameters'&gt;                                                                    |</msg>
<msg timestamp="20200324 12:13:35.701" level="INFO">|   cmd: &lt;class 'genie.libs.parser.ios.show_bgp.ShowBgpAllNeighborsPolicy'&gt;, arguments: {'neighbor':'192.168.1.1'}                                   |</msg>
<msg timestamp="20200324 12:13:35.701" level="INFO">|   cmd: &lt;class 'genie.libs.parser.ios.show_bgp.ShowBgpAllNeighborsPolicy'&gt;, arguments: {'neighbor':'200.1.2.2'}                                     |</msg>
<msg timestamp="20200324 12:13:35.701" level="INFO">|   cmd: &lt;class 'genie.libs.parser.ios.show_bgp.ShowBgpAllNeighborsReceivedRoutes'&gt;, arguments: {'address_family':'','neighbor':'192.168.1.1'}       |</msg>
<msg timestamp="20200324 12:13:35.702" level="INFO">|   cmd: &lt;class 'genie.libs.parser.ios.show_bgp.ShowBgpAllNeighborsReceivedRoutes'&gt;, arguments: {'address_family':'','neighbor':'200.1.2.2'}         |</msg>
<msg timestamp="20200324 12:13:35.702" level="INFO">|====================================================================================================================================================|</msg>
<msg timestamp="20200324 12:13:35.727" level="INFO">Start learning feature interface</msg>
<msg timestamp="20200324 12:13:35.885" level="INFO">Could not learn &lt;class 'genie.libs.parser.iosxe.show_vrf.ShowVrf'&gt;
Parser Output is empty</msg>
<msg timestamp="20200324 12:13:36.704" level="INFO">Could not learn &lt;class 'genie.libs.parser.iosxe.show_interface.ShowIpv6Interface'&gt;
Parser Output is empty</msg>
<msg timestamp="20200324 12:13:36.706" level="INFO">+====================================================================================================================================================+</msg>
<msg timestamp="20200324 12:13:36.706" level="INFO">| Commands for learning feature 'Interface'                                                                                                          |</msg>
<msg timestamp="20200324 12:13:36.706" level="INFO">+====================================================================================================================================================+</msg>
<msg timestamp="20200324 12:13:36.706" level="INFO">| - Parsed commands                                                                                                                                  |</msg>
<msg timestamp="20200324 12:13:36.706" level="INFO">|----------------------------------------------------------------------------------------------------------------------------------------------------|</msg>
<msg timestamp="20200324 12:13:36.707" level="INFO">|   cmd: &lt;class 'genie.libs.parser.iosxe.show_interface.ShowInterfaces'&gt;, arguments: {'interface':''}                                                |</msg>
<msg timestamp="20200324 12:13:36.708" level="INFO">|   cmd: &lt;class 'genie.libs.parser.iosxe.show_interface.ShowInterfacesAccounting'&gt;, arguments: {'interface':''}                                      |</msg>
<msg timestamp="20200324 12:13:36.709" level="INFO">|   cmd: &lt;class 'genie.libs.parser.iosxe.show_interface.ShowIpInterface'&gt;, arguments: {'interface':''}                                               |</msg>
<msg timestamp="20200324 12:13:36.710" level="INFO">|====================================================================================================================================================|</msg>
<msg timestamp="20200324 12:13:36.712" level="INFO">| - Commands with empty output                                                                                                                       |</msg>
<msg timestamp="20200324 12:13:36.712" level="INFO">|----------------------------------------------------------------------------------------------------------------------------------------------------|</msg>
<msg timestamp="20200324 12:13:36.712" level="INFO">|   cmd: &lt;class 'genie.libs.parser.iosxe.show_vrf.ShowVrf'&gt;, arguments: {'vrf':''}                                                                   |</msg>
<msg timestamp="20200324 12:13:36.713" level="INFO">|   cmd: &lt;class 'genie.libs.parser.iosxe.show_interface.ShowIpv6Interface'&gt;, arguments: {'interface':''}                                             |</msg>
<msg timestamp="20200324 12:13:36.713" level="INFO">|====================================================================================================================================================|</msg>
<msg timestamp="20200324 12:13:36.898" level="INFO">Start learning feature ospf</msg>
<msg timestamp="20200324 12:13:43.444" level="INFO">Could not learn &lt;class 'genie.libs.parser.ios.show_ospf.ShowIpOspfVirtualLinks'&gt;
Parser Output is empty</msg>
<msg timestamp="20200324 12:13:45.536" level="INFO">Could not learn &lt;class 'genie.libs.parser.ios.show_ospf.ShowIpOspfShamLinks'&gt;
Parser Output is empty</msg>
<msg timestamp="20200324 12:13:45.536" level="INFO">+====================================================================================================================================================+</msg>
<msg timestamp="20200324 12:13:45.536" level="INFO">| Commands for learning feature 'Ospf'                                                                                                               |</msg>
<msg timestamp="20200324 12:13:45.537" level="INFO">+====================================================================================================================================================+</msg>
<msg timestamp="20200324 12:13:45.537" level="INFO">| - Parsed commands                                                                                                                                  |</msg>
<msg timestamp="20200324 12:13:45.537" level="INFO">|----------------------------------------------------------------------------------------------------------------------------------------------------|</msg>
<msg timestamp="20200324 12:13:45.537" level="INFO">|   cmd: &lt;class 'genie.libs.parser.ios.show_ospf.ShowIpOspf'&gt;                                                                                        |</msg>
<msg timestamp="20200324 12:13:45.537" level="INFO">|   cmd: &lt;class 'genie.libs.parser.iosxe.show_protocols.ShowIpProtocols'&gt;, arguments: {'vrf':''}                                                     |</msg>
<msg timestamp="20200324 12:13:45.537" level="INFO">|   cmd: &lt;class 'genie.libs.parser.ios.show_ospf.ShowIpOspfMplsLdpInterface'&gt;, arguments: {'interface':''}                                           |</msg>
<msg timestamp="20200324 12:13:45.537" level="INFO">|   cmd: &lt;class 'genie.libs.parser.ios.show_ospf.ShowIpOspfMplsTrafficEngLink'&gt;                                                                      |</msg>
<msg timestamp="20200324 12:13:45.537" level="INFO">|   cmd: &lt;class 'genie.libs.parser.ios.show_ospf.ShowIpOspfDatabaseRouter'&gt;                                                                          |</msg>
<msg timestamp="20200324 12:13:45.537" level="INFO">|   cmd: &lt;class 'genie.libs.parser.ios.show_ospf.ShowIpOspfDatabaseNetwork'&gt;                                                                         |</msg>
<msg timestamp="20200324 12:13:45.537" level="INFO">|   cmd: &lt;class 'genie.libs.parser.ios.show_ospf.ShowIpOspfDatabaseExternal'&gt;                                                                        |</msg>
<msg timestamp="20200324 12:13:45.537" level="INFO">|   cmd: &lt;class 'genie.libs.parser.ios.show_ospf.ShowIpOspfDatabaseSummary'&gt;                                                                         |</msg>
<msg timestamp="20200324 12:13:45.537" level="INFO">|   cmd: &lt;class 'genie.libs.parser.ios.show_ospf.ShowIpOspfDatabaseOpaqueArea'&gt;                                                                      |</msg>
<msg timestamp="20200324 12:13:45.537" level="INFO">|   cmd: &lt;class 'genie.libs.parser.ios.show_ospf.ShowIpOspfInterface'&gt;, arguments: {'interface':''}                                                  |</msg>
<msg timestamp="20200324 12:13:45.537" level="INFO">|   cmd: &lt;class 'genie.libs.parser.ios.show_ospf.ShowIpOspfNeighborDetail'&gt;, arguments: {'neighbor':''}                                              |</msg>
<msg timestamp="20200324 12:13:45.537" level="INFO">|====================================================================================================================================================|</msg>
<msg timestamp="20200324 12:13:45.537" level="INFO">| - Commands with empty output                                                                                                                       |</msg>
<msg timestamp="20200324 12:13:45.537" level="INFO">|----------------------------------------------------------------------------------------------------------------------------------------------------|</msg>
<msg timestamp="20200324 12:13:45.538" level="INFO">|   cmd: &lt;class 'genie.libs.parser.ios.show_ospf.ShowIpOspfVirtualLinks'&gt;                                                                            |</msg>
<msg timestamp="20200324 12:13:45.538" level="INFO">|   cmd: &lt;class 'genie.libs.parser.ios.show_ospf.ShowIpOspfShamLinks'&gt;                                                                               |</msg>
<msg timestamp="20200324 12:13:45.538" level="INFO">|====================================================================================================================================================|</msg>
<msg timestamp="20200324 12:13:45.688" level="INFO">Start learning feature bgp</msg>
<msg timestamp="20200324 12:13:50.109" level="INFO">Could not learn &lt;class 'genie.libs.parser.ios.show_bgp.ShowIpBgpTemplatePeerSession'&gt;
Parser Output is empty</msg>
<msg timestamp="20200324 12:13:50.278" level="INFO">Could not learn &lt;class 'genie.libs.parser.ios.show_bgp.ShowIpBgpTemplatePeerPolicy'&gt;
Parser Output is empty</msg>
<msg timestamp="20200324 12:13:50.694" level="INFO">Could not learn &lt;class 'genie.libs.parser.ios.show_bgp.ShowIpBgpAllDampeningParameters'&gt;
Parser Output is empty</msg>
<msg timestamp="20200324 12:13:53.018" level="INFO">Could not learn &lt;class 'genie.libs.parser.ios.show_bgp.ShowBgpAllNeighborsPolicy'&gt;
Parser Output is empty</msg>
<msg timestamp="20200324 12:13:53.126" level="INFO">Could not learn &lt;class 'genie.libs.parser.ios.show_bgp.ShowBgpAllNeighborsPolicy'&gt;
Parser Output is empty</msg>
<msg timestamp="20200324 12:13:53.359" level="INFO">Could not learn &lt;class 'genie.libs.parser.ios.show_bgp.ShowBgpAllDetail'&gt;
Invalid command has been executed</msg>
<msg timestamp="20200324 12:13:55.762" level="INFO">Could not learn &lt;class 'genie.libs.parser.ios.show_bgp.ShowBgpAllNeighborsReceivedRoutes'&gt;
Parser Output is empty</msg>
<msg timestamp="20200324 12:13:56.028" level="INFO">Could not learn &lt;class 'genie.libs.parser.ios.show_bgp.ShowBgpAllNeighborsReceivedRoutes'&gt;
Parser Output is empty</msg>
<msg timestamp="20200324 12:13:56.030" level="INFO">+====================================================================================================================================================+</msg>
<msg timestamp="20200324 12:13:56.031" level="INFO">| Commands for learning feature 'Bgp'                                                                                                                |</msg>
<msg timestamp="20200324 12:13:56.031" level="INFO">+====================================================================================================================================================+</msg>
<msg timestamp="20200324 12:13:56.031" level="INFO">| - Parsed commands                                                                                                                                  |</msg>
<msg timestamp="20200324 12:13:56.031" level="INFO">|----------------------------------------------------------------------------------------------------------------------------------------------------|</msg>
<msg timestamp="20200324 12:13:56.032" level="INFO">|   cmd: &lt;class 'genie.libs.parser.ios.show_bgp.ShowBgpAllSummary'&gt;, arguments: {'address_family':'','vrf':''}                                       |</msg>
<msg timestamp="20200324 12:13:56.032" level="INFO">|   cmd: &lt;class 'genie.libs.parser.ios.show_bgp.ShowBgpAllClusterIds'&gt;                                                                               |</msg>
<msg timestamp="20200324 12:13:56.032" level="INFO">|   cmd: &lt;class 'genie.libs.parser.ios.show_bgp.ShowBgpAllNeighbors'&gt;, arguments: {'address_family':'','neighbor':''}                                |</msg>
<msg timestamp="20200324 12:13:56.032" level="INFO">|   cmd: &lt;class 'genie.libs.parser.ios.show_bgp.ShowBgpAll'&gt;, arguments: {'address_family':''}                                                       |</msg>
<msg timestamp="20200324 12:13:56.032" level="INFO">|   cmd: &lt;class 'genie.libs.parser.ios.show_bgp.ShowBgpAllNeighborsAdvertisedRoutes'&gt;, arguments: {'address_family':'','neighbor':'10.1.1.1'}        |</msg>
<msg timestamp="20200324 12:13:56.033" level="INFO">|   cmd: &lt;class 'genie.libs.parser.ios.show_bgp.ShowBgpAllNeighborsAdvertisedRoutes'&gt;, arguments: {'address_family':'','neighbor':'200.1.3.2'}       |</msg>
<msg timestamp="20200324 12:13:56.033" level="INFO">|   cmd: &lt;class 'genie.libs.parser.ios.show_bgp.ShowBgpAllNeighborsRoutes'&gt;, arguments: {'address_family':'','neighbor':'10.1.1.1'}                  |</msg>
<msg timestamp="20200324 12:13:56.033" level="INFO">|   cmd: &lt;class 'genie.libs.parser.ios.show_bgp.ShowBgpAllNeighborsRoutes'&gt;, arguments: {'address_family':'','neighbor':'200.1.3.2'}                 |</msg>
<msg timestamp="20200324 12:13:56.033" level="INFO">|====================================================================================================================================================|</msg>
<msg timestamp="20200324 12:13:56.033" level="INFO">| - Commands not accepted on the device                                                                                                              |</msg>
<msg timestamp="20200324 12:13:56.033" level="INFO">|----------------------------------------------------------------------------------------------------------------------------------------------------|</msg>
<msg timestamp="20200324 12:13:56.034" level="INFO">|   cmd: &lt;class 'genie.libs.parser.ios.show_bgp.ShowBgpAllDetail'&gt;, arguments: {'address_family':'','vrf':''}                                        |</msg>
<msg timestamp="20200324 12:13:56.034" level="INFO">|====================================================================================================================================================|</msg>
<msg timestamp="20200324 12:13:56.034" level="INFO">| - Commands with empty output                                                                                                                       |</msg>
<msg timestamp="20200324 12:13:56.034" level="INFO">|----------------------------------------------------------------------------------------------------------------------------------------------------|</msg>
<msg timestamp="20200324 12:13:56.034" level="INFO">|   cmd: &lt;class 'genie.libs.parser.ios.show_bgp.ShowIpBgpTemplatePeerSession'&gt;                                                                       |</msg>
<msg timestamp="20200324 12:13:56.035" level="INFO">|   cmd: &lt;class 'genie.libs.parser.ios.show_bgp.ShowIpBgpTemplatePeerPolicy'&gt;                                                                        |</msg>
<msg timestamp="20200324 12:13:56.035" level="INFO">|   cmd: &lt;class 'genie.libs.parser.ios.show_bgp.ShowIpBgpAllDampeningParameters'&gt;                                                                    |</msg>
<msg timestamp="20200324 12:13:56.035" level="INFO">|   cmd: &lt;class 'genie.libs.parser.ios.show_bgp.ShowBgpAllNeighborsPolicy'&gt;, arguments: {'neighbor':'10.1.1.1'}                                      |</msg>
<msg timestamp="20200324 12:13:56.035" level="INFO">|   cmd: &lt;class 'genie.libs.parser.ios.show_bgp.ShowBgpAllNeighborsPolicy'&gt;, arguments: {'neighbor':'200.1.3.2'}                                     |</msg>
<msg timestamp="20200324 12:13:56.035" level="INFO">|   cmd: &lt;class 'genie.libs.parser.ios.show_bgp.ShowBgpAllNeighborsReceivedRoutes'&gt;, arguments: {'address_family':'','neighbor':'10.1.1.1'}          |</msg>
<msg timestamp="20200324 12:13:56.036" level="INFO">|   cmd: &lt;class 'genie.libs.parser.ios.show_bgp.ShowBgpAllNeighborsReceivedRoutes'&gt;, arguments: {'address_family':'','neighbor':'200.1.3.2'}         |</msg>
<msg timestamp="20200324 12:13:56.036" level="INFO">|====================================================================================================================================================|</msg>
<msg timestamp="20200324 12:13:56.059" level="INFO">Start learning feature interface</msg>
<msg timestamp="20200324 12:13:56.177" level="INFO">Could not learn &lt;class 'genie.libs.parser.iosxe.show_vrf.ShowVrf'&gt;
Parser Output is empty</msg>
<msg timestamp="20200324 12:13:56.829" level="INFO">Could not learn &lt;class 'genie.libs.parser.iosxe.show_interface.ShowIpv6Interface'&gt;
Parser Output is empty</msg>
<msg timestamp="20200324 12:13:56.830" level="INFO">+====================================================================================================================================================+</msg>
<msg timestamp="20200324 12:13:56.830" level="INFO">| Commands for learning feature 'Interface'                                                                                                          |</msg>
<msg timestamp="20200324 12:13:56.830" level="INFO">+====================================================================================================================================================+</msg>
<msg timestamp="20200324 12:13:56.830" level="INFO">| - Parsed commands                                                                                                                                  |</msg>
<msg timestamp="20200324 12:13:56.831" level="INFO">|----------------------------------------------------------------------------------------------------------------------------------------------------|</msg>
<msg timestamp="20200324 12:13:56.831" level="INFO">|   cmd: &lt;class 'genie.libs.parser.iosxe.show_interface.ShowInterfaces'&gt;, arguments: {'interface':''}                                                |</msg>
<msg timestamp="20200324 12:13:56.831" level="INFO">|   cmd: &lt;class 'genie.libs.parser.iosxe.show_interface.ShowInterfacesAccounting'&gt;, arguments: {'interface':''}                                      |</msg>
<msg timestamp="20200324 12:13:56.831" level="INFO">|   cmd: &lt;class 'genie.libs.parser.iosxe.show_interface.ShowIpInterface'&gt;, arguments: {'interface':''}                                               |</msg>
<msg timestamp="20200324 12:13:56.831" level="INFO">|====================================================================================================================================================|</msg>
<msg timestamp="20200324 12:13:56.831" level="INFO">| - Commands with empty output                                                                                                                       |</msg>
<msg timestamp="20200324 12:13:56.831" level="INFO">|----------------------------------------------------------------------------------------------------------------------------------------------------|</msg>
<msg timestamp="20200324 12:13:56.831" level="INFO">|   cmd: &lt;class 'genie.libs.parser.iosxe.show_vrf.ShowVrf'&gt;, arguments: {'vrf':''}                                                                   |</msg>
<msg timestamp="20200324 12:13:56.832" level="INFO">|   cmd: &lt;class 'genie.libs.parser.iosxe.show_interface.ShowIpv6Interface'&gt;, arguments: {'interface':''}                                             |</msg>
<msg timestamp="20200324 12:13:56.832" level="INFO">|====================================================================================================================================================|</msg>
<msg timestamp="20200324 12:13:56.895" level="INFO">Start learning feature ospf</msg>
<msg timestamp="20200324 12:14:03.485" level="INFO">Could not learn &lt;class 'genie.libs.parser.ios.show_ospf.ShowIpOspfVirtualLinks'&gt;
Parser Output is empty</msg>
<msg timestamp="20200324 12:14:06.101" level="INFO">Could not learn &lt;class 'genie.libs.parser.ios.show_ospf.ShowIpOspfShamLinks'&gt;
Parser Output is empty</msg>
<msg timestamp="20200324 12:14:06.103" level="INFO">+====================================================================================================================================================+</msg>
<msg timestamp="20200324 12:14:06.103" level="INFO">| Commands for learning feature 'Ospf'                                                                                                               |</msg>
<msg timestamp="20200324 12:14:06.103" level="INFO">+====================================================================================================================================================+</msg>
<msg timestamp="20200324 12:14:06.103" level="INFO">| - Parsed commands                                                                                                                                  |</msg>
<msg timestamp="20200324 12:14:06.104" level="INFO">|----------------------------------------------------------------------------------------------------------------------------------------------------|</msg>
<msg timestamp="20200324 12:14:06.104" level="INFO">|   cmd: &lt;class 'genie.libs.parser.ios.show_ospf.ShowIpOspf'&gt;                                                                                        |</msg>
<msg timestamp="20200324 12:14:06.104" level="INFO">|   cmd: &lt;class 'genie.libs.parser.iosxe.show_protocols.ShowIpProtocols'&gt;, arguments: {'vrf':''}                                                     |</msg>
<msg timestamp="20200324 12:14:06.104" level="INFO">|   cmd: &lt;class 'genie.libs.parser.ios.show_ospf.ShowIpOspfMplsLdpInterface'&gt;, arguments: {'interface':''}                                           |</msg>
<msg timestamp="20200324 12:14:06.105" level="INFO">|   cmd: &lt;class 'genie.libs.parser.ios.show_ospf.ShowIpOspfMplsTrafficEngLink'&gt;                                                                      |</msg>
<msg timestamp="20200324 12:14:06.105" level="INFO">|   cmd: &lt;class 'genie.libs.parser.ios.show_ospf.ShowIpOspfDatabaseRouter'&gt;                                                                          |</msg>
<msg timestamp="20200324 12:14:06.105" level="INFO">|   cmd: &lt;class 'genie.libs.parser.ios.show_ospf.ShowIpOspfDatabaseNetwork'&gt;                                                                         |</msg>
<msg timestamp="20200324 12:14:06.105" level="INFO">|   cmd: &lt;class 'genie.libs.parser.ios.show_ospf.ShowIpOspfDatabaseExternal'&gt;                                                                        |</msg>
<msg timestamp="20200324 12:14:06.105" level="INFO">|   cmd: &lt;class 'genie.libs.parser.ios.show_ospf.ShowIpOspfDatabaseSummary'&gt;                                                                         |</msg>
<msg timestamp="20200324 12:14:06.106" level="INFO">|   cmd: &lt;class 'genie.libs.parser.ios.show_ospf.ShowIpOspfDatabaseOpaqueArea'&gt;                                                                      |</msg>
<msg timestamp="20200324 12:14:06.106" level="INFO">|   cmd: &lt;class 'genie.libs.parser.ios.show_ospf.ShowIpOspfInterface'&gt;, arguments: {'interface':''}                                                  |</msg>
<msg timestamp="20200324 12:14:06.106" level="INFO">|   cmd: &lt;class 'genie.libs.parser.ios.show_ospf.ShowIpOspfNeighborDetail'&gt;, arguments: {'neighbor':''}                                              |</msg>
<msg timestamp="20200324 12:14:06.106" level="INFO">|====================================================================================================================================================|</msg>
<msg timestamp="20200324 12:14:06.107" level="INFO">| - Commands with empty output                                                                                                                       |</msg>
<msg timestamp="20200324 12:14:06.107" level="INFO">|----------------------------------------------------------------------------------------------------------------------------------------------------|</msg>
<msg timestamp="20200324 12:14:06.107" level="INFO">|   cmd: &lt;class 'genie.libs.parser.ios.show_ospf.ShowIpOspfVirtualLinks'&gt;                                                                            |</msg>
<msg timestamp="20200324 12:14:06.108" level="INFO">|   cmd: &lt;class 'genie.libs.parser.ios.show_ospf.ShowIpOspfShamLinks'&gt;                                                                               |</msg>
<msg timestamp="20200324 12:14:06.108" level="INFO">|====================================================================================================================================================|</msg>
<msg timestamp="20200324 12:14:06.655" level="INFO">Saved system profile as file: /home/talha_javaid/pyats/./good_snapshot_R9-300_ospf_pts.json</msg>
<msg timestamp="20200324 12:14:06.657" level="INFO">[2020-03-24 12:13:10,546] +++ R4-100: executing command 'show bgp all summary' +++
show bgp all summary
For address family: IPv4 Unicast
BGP router identifier 4.4.4.4, local AS number 100
BGP table version is 49, main routing table version 49
24 network entries using 3360 bytes of memory
25 path entries using 2000 bytes of memory
8/8 BGP path/bestpath attribute entries using 1152 bytes of memory
3 BGP AS-PATH entries using 72 bytes of memory
0 BGP route-map cache entries using 0 bytes of memory
0 BGP filter-list cache entries using 0 bytes of memory
BGP using 6584 total bytes of memory
BGP activity 36/12 prefixes, 37/12 paths, scan interval 60 secs

Neighbor        V           AS MsgRcvd MsgSent   TblVer  InQ OutQ Up/Down  State/PfxRcd
100.1.3.2       4          300     132     128       49    0    0 01:50:07       17
172.16.3.1      4          100     124     132       49    0    0 01:50:09        0
R4-100#
[2020-03-24 12:13:10,765] +++ R4-100: executing command 'show ip bgp template peer-session' +++
show ip bgp template peer-session
No templates configured

R4-100#
[2020-03-24 12:13:10,887] +++ R4-100: executing command 'show ip bgp template peer-policy' +++
show ip bgp template peer-policy
No templates configured

R4-100#
[2020-03-24 12:13:11,044] +++ R4-100: executing command 'show vrf detail | inc \(VRF' +++
show vrf detail | inc \(VRF
R4-100#
[2020-03-24 12:13:11,169] +++ R4-100: executing command 'show bgp all cluster-ids' +++
show bgp all cluster-ids
Global cluster-id: 4.4.4.4 (configured: 0.0.0.0)
BGP client-to-client reflection:         Configured    Used
  all (inter-cluster and intra-cluster): ENABLED
  intra-cluster:                         ENABLED       ENABLED

List of cluster-ids:
Cluster-id     #-neighbors C2C-rfl-CFG C2C-rfl-USE
R4-100#
[2020-03-24 12:13:11,285] +++ R4-100: executing command 'show ip bgp all dampening parameters' +++
show ip bgp all dampening parameters
For address family: IPv4 Unicast

% dampening not enabled for base

For address family: IPv4 Multicast

% dampening not enabled for base

For address family: MVPNv4 Unicast

% dampening not enabled for base
R4-100#
[2020-03-24 12:13:11,411] +++ R4-100: executing command 'show bgp all neighbors' +++
show bgp all neighbors
For address family: IPv4 Unicast
BGP neighbor is 100.1.3.2,  remote AS 300, external link
  BGP version 4, remote router ID 8.8.8.8
  BGP state = Established, up for 01:50:08
  Last read 00:00:27, last write 00:00:31, hold time is 180, keepalive interval is 60 seconds
  Neighbor sessions:
    1 active, is not multisession capable (disabled)
  Neighbor capabilities:
    Route refresh: advertised and received(new)
    Four-octets ASN Capability: advertised and received
    Address family IPv4 Unicast: advertised and received
    Enhanced Refresh Capability: advertised and received
    Multisession Capability: 
    Stateful switchover support enabled: NO for session 1
  Message statistics:
    InQ depth is 0
    OutQ depth is 0
    
                         Sent       Rcvd
    Opens:                  1          1
    Notifications:          0          0
    Updates:                5         12
    Keepalives:           122        119
    Route Refresh:          0          0
    Total:                128        132
  Default minimum time between advertisement runs is 30 seconds

  Address tracking is enabled, the RIB does have a route to 100.1.3.2
  Connections established 1; dropped 0
  Last reset never
  Transport(tcp) path-mtu-discovery is enabled
  Graceful-Restart is disabled
Connection state is ESTAB, I/O status: 1, unread input bytes: 0            
Connection is ECN Disabled, Mininum incoming TTL 0, Outgoing TTL 1
Local host: 100.1.3.1, Local port: 18204
Foreign host: 100.1.3.2, Foreign port: 179
Connection tableid (VRF): 0
Maximum output segment queue size: 50

Enqueued packets for retransmit: 0, input: 0  mis-ordered: 0 (0 bytes)

Event Timers (current time is 0x651BA8):
Timer          Starts    Wakeups            Next
Retrans           126          1             0x0
TimeWait            0          0             0x0
AckHold           126        121             0x0
SendWnd             0          0             0x0
KeepAlive           0          0             0x0
GiveUp              0          0             0x0
PmtuAger         5671       5670        0x651EDB
DeadWait            0          0             0x0
Linger              0          0             0x0
ProcessQ            0          0             0x0

iss:  520226412  snduna:  520229047  sndnxt:  520229047
irs:  594837930  rcvnxt:  594840956

sndwnd:  15225  scale:      0  maxrcvwnd:  16384
rcvwnd:  16346  scale:      0  delrcvwnd:     38

SRTT: 1000 ms, RTTO: 1003 ms, RTV: 3 ms, KRTT: 0 ms
minRTT: 1 ms, maxRTT: 1000 ms, ACK hold: 200 ms
Status Flags: active open
Option Flags: nagle, path mtu capable, md5
IP Precedence value : 6

Datagrams (max data segment is 1460 bytes):
Rcvd: 252 (out of order: 0), with data: 127, total data bytes: 3025
Sent: 251 (retransmit: 1, fastretransmit: 0, partialack: 0, Second Congestion: 0), with data: 124, total data bytes: 2634

 Packets received in fast path: 0, fast processed: 0, slow path: 0
 fast lock acquisition failures: 0, slow path: 0
TCP Semaphore      0xF2D9D9F4  FREE 

BGP neighbor is 172.16.3.1,  remote AS 100, internal link
  BGP version 4, remote router ID 2.2.2.2
  BGP state = Established, up for 01:50:10
  Last read 00:00:19, last write 00:00:18, hold time is 180, keepalive interval is 60 seconds
  Neighbor sessions:
    1 active, is not multisession capable (disabled)
  Neighbor capabilities:
    Route refresh: advertised and received(new)
    Four-octets ASN Capability: advertised and received
    Address family IPv4 Unicast: advertised and received
    Enhanced Refresh Capability: advertised and received
    Multisession Capability: 
    Stateful switchover support enabled: NO for session 1
  Message statistics:
    InQ depth is 0
    OutQ depth is 0
    
                         Sent       Rcvd
    Opens:                  1          1
    Notifications:          0          0
    Updates:               13          1
    Keepalives:           118        122
    Route Refresh:          0          0
    Total:                132        124
  Default minimum time between advertisement runs is 0 seconds

  Address tracking is enabled, the RIB does have a route to 172.16.3.1
  Connections established 1; dropped 0
  Last reset never
  Transport(tcp) path-mtu-discovery is enabled
  Graceful-Restart is disabled
Connection state is ESTAB, I/O status: 1, unread input bytes: 0            
Connection is ECN Disabled, Mininum incoming TTL 0, Outgoing TTL 255
Local host: 172.16.3.2, Local port: 179
Foreign host: 172.16.3.1, Foreign port: 36862
Connection tableid (VRF): 0
Maximum output segment queue size: 50

Enqueued packets for retransmit: 0, input: 0  mis-ordered: 0 (0 bytes)

Event Timers (current time is 0x651BA9):
Timer          Starts    Wakeups            Next
Retrans           125          0             0x0
TimeWait            0          0             0x0
AckHold           124        121             0x0
SendWnd             0          0             0x0
KeepAlive           0          0             0x0
GiveUp              0          0             0x0
PmtuAger            0          0             0x0
DeadWait            0          0             0x0
Linger              0          0             0x0
ProcessQ            0          0             0x0

iss: 1633071788  snduna: 1633074943  sndnxt: 1633074943
irs: 3164118283  rcvnxt: 3164120682

sndwnd:  16155  scale:      0  maxrcvwnd:  16384
rcvwnd:  15453  scale:      0  delrcvwnd:    931

SRTT: 1000 ms, RTTO: 1003 ms, RTV: 3 ms, KRTT: 0 ms
minRTT: 0 ms, maxRTT: 1000 ms, ACK hold: 200 ms
Status Flags: passive open, gen tcbs
Option Flags: nagle, path mtu capable
IP Precedence value : 6

Datagrams (max data segment is 1460 bytes):
Rcvd: 249 (out of order: 0), with data: 124, total data bytes: 2398
Sent: 249 (retransmit: 0, fastretransmit: 0, partialack: 0, Second Congestion: 0), with data: 125, total data bytes: 3154

 Packets received in fast path: 0, fast processed: 0, slow path: 0
 fast lock acquisition failures: 0, slow path: 0
TCP Semaphore      0xF2D9D984  FREE 


For address family: IPv4 Multicast

For address family: MVPNv4 Unicast
R4-100#
[2020-03-24 12:13:12,413] +++ R4-100: executing command 'show bgp all neighbors 100.1.3.2 policy' +++
show bgp all neighbors 100.1.3.2 policy
 Neighbor: 100.1.3.2, Address-Family: IPv4 Unicast
R4-100#
[2020-03-24 12:13:12,637] +++ R4-100: executing command 'show bgp all neighbors 172.16.3.1 policy' +++
show bgp all neighbors 172.16.3.1 policy
 Neighbor: 172.16.3.1, Address-Family: IPv4 Unicast
R4-100#
[2020-03-24 12:13:12,747] +++ R4-100: executing command 'show bgp all' +++
show bgp all
For address family: IPv4 Unicast

BGP table version is 49, local router ID is 4.4.4.4
Status codes: s suppressed, d damped, h history, * valid, &gt; best, i - internal, 
              r RIB-failure, S Stale, m multipath, b backup-path, f RT-Filter, 
              x best-external, a additional-path, c RIB-compressed, 
Origin codes: i - IGP, e - EGP, ? - incomplete
RPKI validation codes: V valid, I invalid, N Not found

     Network          Next Hop            Metric LocPrf Weight Path
 *&gt;  1.1.1.1/32       172.16.3.1              21         32768 ?
 *&gt;  2.2.2.2/32       172.16.3.1              11         32768 ?
 *&gt;  3.3.3.3/32       172.16.3.1              21         32768 ?
 *&gt;  4.4.4.4/32       0.0.0.0                  0         32768 ?
 *&gt;  5.5.5.5/32       100.1.3.2                              0 300 400 200 ?
 *&gt;  6.6.6.6/32       100.1.3.2                              0 300 400 200 ?
 *&gt;  7.7.7.7/32       100.1.3.2                              0 300 400 200 ?
 *&gt;  8.8.8.8/32       100.1.3.2                0             0 300 ?
 *&gt;  9.9.9.9/32       100.1.3.2                              0 300 ?
 *&gt;  10.1.1.0/24      100.1.3.2                0             0 300 ?
 *&gt;  10.1.2.0/24      100.1.3.2                0             0 300 ?
 *&gt;  10.1.3.0/24      100.1.3.2                              0 300 ?
 *&gt;  10.10.10.10/32   100.1.3.2                              0 300 ?
 *&gt;  12.12.1.0/24     100.1.3.2                              0 300 400 i
 *   100.1.3.0/24     100.1.3.2                0             0 300 ?
 *&gt;                   0.0.0.0                  0         32768 ?
 *&gt;  172.16.1.0/24    172.16.3.1              20         32768 ?
 *&gt;  172.16.2.0/24    172.16.3.1              20         32768 ?
 *&gt;  172.16.3.0/24    0.0.0.0                  0         32768 ?
 *&gt;  192.168.1.0      100.1.3.2                              0 300 400 200 ?
 *&gt;  192.168.2.0      100.1.3.2                              0 300 400 200 ?
 *&gt;  192.168.3.0      100.1.3.2                              0 300 400 200 ?
 *&gt;  192.168.122.0    100.1.3.2                              0 300 400 i
 *&gt;  200.1.2.0        100.1.3.2                              0 300 400 200 ?
 *&gt;  200.1.3.0        100.1.3.2                              0 300 ?

For address family: IPv4 Multicast


For address family: MVPNv4 Unicast

R4-100#
[2020-03-24 12:13:12,885] +++ R4-100: executing command 'show bgp all detail' +++
show bgp all detail
show bgp all detail
              ^
% Invalid input detected at '^' marker.

R4-100#
[2020-03-24 12:13:13,874] +++ R4-100: executing command 'show bgp all neighbors 100.1.3.2 advertised-routes' +++
show bgp all neighbors 100.1.3.2 advertised-routes
For address family: IPv4 Unicast
BGP table version is 49, local router ID is 4.4.4.4
Status codes: s suppressed, d damped, h history, * valid, &gt; best, i - internal, 
              r RIB-failure, S Stale, m multipath, b backup-path, f RT-Filter, 
              x best-external, a additional-path, c RIB-compressed, 
Origin codes: i - IGP, e - EGP, ? - incomplete
RPKI validation codes: V valid, I invalid, N Not found

     Network          Next Hop            Metric LocPrf Weight Path
 *&gt;  1.1.1.1/32       172.16.3.1              21         32768 ?
 *&gt;  2.2.2.2/32       172.16.3.1              11         32768 ?
 *&gt;  3.3.3.3/32       172.16.3.1              21         32768 ?
 *&gt;  4.4.4.4/32       0.0.0.0                  0         32768 ?
 *&gt;  100.1.3.0/24     0.0.0.0                  0         32768 ?
 *&gt;  172.16.1.0/24    172.16.3.1              20         32768 ?
 *&gt;  172.16.2.0/24    172.16.3.1              20         32768 ?
 *&gt;  172.16.3.0/24    0.0.0.0                  0         32768 ?

Total number of prefixes 8 
R4-100#
[2020-03-24 12:13:14,148] +++ R4-100: executing command 'show bgp all neighbors | i BGP neighbor' +++
show bgp all neighbors | i BGP neighbor
BGP neighbor is 100.1.3.2,  remote AS 300, external link
BGP neighbor is 172.16.3.1,  remote AS 100, internal link
R4-100#
[2020-03-24 12:13:14,322] +++ R4-100: executing command 'show bgp all neighbors 172.16.3.1 advertised-routes' +++
show bgp all neighbors 172.16.3.1 advertised-routes
For address family: IPv4 Unicast
BGP table version is 49, local router ID is 4.4.4.4
Status codes: s suppressed, d damped, h history, * valid, &gt; best, i - internal, 
              r RIB-failure, S Stale, m multipath, b backup-path, f RT-Filter, 
              x best-external, a additional-path, c RIB-compressed, 
Origin codes: i - IGP, e - EGP, ? - incomplete
RPKI validation codes: V valid, I invalid, N Not found

     Network          Next Hop            Metric LocPrf Weight Path
 *&gt;  1.1.1.1/32       172.16.3.1              21         32768 ?
 *&gt;  2.2.2.2/32       172.16.3.1              11         32768 ?
 *&gt;  3.3.3.3/32       172.16.3.1              21         32768 ?
 *&gt;  4.4.4.4/32       0.0.0.0                  0         32768 ?
 *&gt;  5.5.5.5/32       100.1.3.2                              0 300 400 200 ?
 *&gt;  6.6.6.6/32       100.1.3.2                              0 300 400 200 ?
 *&gt;  7.7.7.7/32       100.1.3.2                              0 300 400 200 ?
 *&gt;  8.8.8.8/32       100.1.3.2                0             0 300 ?
 *&gt;  9.9.9.9/32       100.1.3.2                              0 300 ?
 *&gt;  10.1.1.0/24      100.1.3.2                0             0 300 ?
 *&gt;  10.1.2.0/24      100.1.3.2                0             0 300 ?
 *&gt;  10.1.3.0/24      100.1.3.2                              0 300 ?
 *&gt;  10.10.10.10/32   100.1.3.2                              0 300 ?
 *&gt;  12.12.1.0/24     100.1.3.2                              0 300 400 i
 *&gt;  100.1.3.0/24     0.0.0.0                  0         32768 ?
 *&gt;  172.16.1.0/24    172.16.3.1              20         32768 ?
 *&gt;  172.16.2.0/24    172.16.3.1              20         32768 ?
 *&gt;  172.16.3.0/24    0.0.0.0                  0         32768 ?
 *&gt;  192.168.1.0      100.1.3.2                              0 300 400 200 ?
 *&gt;  192.168.2.0      100.1.3.2                              0 300 400 200 ?
 *&gt;  192.168.3.0      100.1.3.2                              0 300 400 200 ?
 *&gt;  192.168.122.0    100.1.3.2                              0 300 400 i
 *&gt;  200.1.2.0        100.1.3.2                              0 300 400 200 ?
 *&gt;  200.1.3.0        100.1.3.2                              0 300 ?

Total number of prefixes 24 
R4-100#
[2020-03-24 12:13:14,434] +++ R4-100: executing command 'show bgp all neighbors | i BGP neighbor' +++
show bgp all neighbors | i BGP neighbor
BGP neighbor is 100.1.3.2,  remote AS 300, external link
BGP neighbor is 172.16.3.1,  remote AS 100, internal link
R4-100#
[2020-03-24 12:13:14,574] +++ R4-100: executing command 'show bgp all neighbors 100.1.3.2 routes' +++
show bgp all neighbors 100.1.3.2 routes
For address family: IPv4 Unicast
BGP table version is 49, local router ID is 4.4.4.4
Status codes: s suppressed, d damped, h history, * valid, &gt; best, i - internal, 
              r RIB-failure, S Stale, m multipath, b backup-path, f RT-Filter, 
              x best-external, a additional-path, c RIB-compressed, 
Origin codes: i - IGP, e - EGP, ? - incomplete
RPKI validation codes: V valid, I invalid, N Not found

     Network          Next Hop            Metric LocPrf Weight Path
 *&gt;  5.5.5.5/32       100.1.3.2                              0 300 400 200 ?
 *&gt;  6.6.6.6/32       100.1.3.2                              0 300 400 200 ?
 *&gt;  7.7.7.7/32       100.1.3.2                              0 300 400 200 ?
 *&gt;  8.8.8.8/32       100.1.3.2                0             0 300 ?
 *&gt;  9.9.9.9/32       100.1.3.2                              0 300 ?
 *&gt;  10.1.1.0/24      100.1.3.2                0             0 300 ?
 *&gt;  10.1.2.0/24      100.1.3.2                0             0 300 ?
 *&gt;  10.1.3.0/24      100.1.3.2                              0 300 ?
 *&gt;  10.10.10.10/32   100.1.3.2                              0 300 ?
 *&gt;  12.12.1.0/24     100.1.3.2                              0 300 400 i
 *   100.1.3.0/24     100.1.3.2                0             0 300 ?
 *&gt;  192.168.1.0      100.1.3.2                              0 300 400 200 ?
 *&gt;  192.168.2.0      100.1.3.2                              0 300 400 200 ?
 *&gt;  192.168.3.0      100.1.3.2                              0 300 400 200 ?
 *&gt;  192.168.122.0    100.1.3.2                              0 300 400 i
 *&gt;  200.1.2.0        100.1.3.2                              0 300 400 200 ?
 *&gt;  200.1.3.0        100.1.3.2                              0 300 ?

Total number of prefixes 17 
R4-100#
[2020-03-24 12:13:14,684] +++ R4-100: executing command 'show bgp all neighbors | i BGP neighbor' +++
show bgp all neighbors | i BGP neighbor
BGP neighbor is 100.1.3.2,  remote AS 300, external link
BGP neighbor is 172.16.3.1,  remote AS 100, internal link
R4-100#
[2020-03-24 12:13:14,812] +++ R4-100: executing command 'show bgp all neighbors 172.16.3.1 routes' +++
show bgp all neighbors 172.16.3.1 routes
For address family: IPv4 Unicast

Total number of prefixes 0 
R4-100#
[2020-03-24 12:13:14,950] +++ R4-100: executing command 'show bgp all neighbors | i BGP neighbor' +++
show bgp all neighbors | i BGP neighbor
BGP neighbor is 100.1.3.2,  remote AS 300, external link
BGP neighbor is 172.16.3.1,  remote AS 100, internal link
R4-100#
[2020-03-24 12:13:15,073] +++ R4-100: executing command 'show bgp all neighbors 100.1.3.2 received-routes' +++
show bgp all neighbors 100.1.3.2 received-routes
For address family: IPv4 Unicast
% Inbound soft reconfiguration not enabled on 100.1.3.2
R4-100#
[2020-03-24 12:13:15,204] +++ R4-100: executing command 'show bgp all neighbors | i BGP neighbor' +++
show bgp all neighbors | i BGP neighbor
BGP neighbor is 100.1.3.2,  remote AS 300, external link
BGP neighbor is 172.16.3.1,  remote AS 100, internal link
R4-100#
[2020-03-24 12:13:15,314] +++ R4-100: executing command 'show bgp all neighbors 172.16.3.1 received-routes' +++
show bgp all neighbors 172.16.3.1 received-routes
For address family: IPv4 Unicast
% Inbound soft reconfiguration not enabled on 172.16.3.1
R4-100#
[2020-03-24 12:13:15,441] +++ R4-100: executing command 'show bgp all neighbors | i BGP neighbor' +++
show bgp all neighbors | i BGP neighbor
BGP neighbor is 100.1.3.2,  remote AS 300, external link
BGP neighbor is 172.16.3.1,  remote AS 100, internal link
R4-100#
[2020-03-24 12:13:15,589] +++ R4-100: executing command 'show vrf' +++
show vrf
R4-100#
[2020-03-24 12:13:15,776] +++ R4-100: executing command 'show interfaces' +++
show interfaces
Ethernet0/0 is up, line protocol is up 
  Hardware is AmdP2, address is aabb.cc00.0900 (bia aabb.cc00.0900)
  Internet address is 100.1.3.1/24
  MTU 1500 bytes, BW 10000 Kbit/sec, DLY 1000 usec, 
     reliability 255/255, txload 1/255, rxload 1/255
  Encapsulation ARPA, loopback not set
  Keepalive set (10 sec)
  ARP type: ARPA, ARP Timeout 04:00:00
  Last input 00:00:00, output 00:00:00, output hang never
  Last clearing of "show interface" counters never
  Input queue: 1/75/0/0 (size/max/drops/flushes); Total output drops: 0
  Queueing strategy: fifo
  Output queue: 0/40 (size/max)
  5 minute input rate 2000 bits/sec, 3 packets/sec
  5 minute output rate 3000 bits/sec, 3 packets/sec
     8900 packets input, 578737 bytes, 0 no buffer
     Received 142 broadcasts (0 IP multicasts)
     0 runts, 0 giants, 0 throttles 
     0 input errors, 0 CRC, 0 frame, 0 overrun, 0 ignored
     0 input packets with dribble condition detected
     9556 packets output, 1233002 bytes, 0 underruns
     0 output errors, 0 collisions, 1 interface resets
     2 unknown protocol drops
     0 babbles, 0 late collision, 0 deferred
     0 lost carrier, 0 no carrier
     0 output buffer failures, 0 output buffers swapped out
Ethernet0/1 is up, line protocol is up 
  Hardware is AmdP2, address is aabb.cc00.0910 (bia aabb.cc00.0910)
  Internet address is 172.16.3.2/24
  MTU 1500 bytes, BW 10000 Kbit/sec, DLY 1000 usec, 
     reliability 255/255, txload 1/255, rxload 1/255
  Encapsulation ARPA, loopback not set
  Keepalive set (10 sec)
  ARP type: ARPA, ARP Timeout 04:00:00
  Last input 00:00:08, output 00:00:01, output hang never
  Last clearing of "show interface" counters never
  Input queue: 0/75/0/0 (size/max/drops/flushes); Total output drops: 0
  Queueing strategy: fifo
  Output queue: 0/40 (size/max)
  5 minute input rate 0 bits/sec, 0 packets/sec
  5 minute output rate 0 bits/sec, 0 packets/sec
[...]
  IPv4 WCCP Redirect inbound is disabled
  IPv4 WCCP Redirect exclude is disabled
R9-300#
[2020-03-24 12:13:56,674] +++ R9-300: executing command 'show ipv6 interface' +++
show ipv6 interface
R9-300#
[2020-03-24 12:14:00,996] +++ R9-300: executing command 'show ip ospf' +++
show ip ospf
 Routing Process "ospf 1" with ID 9.9.9.9
 Start time: 00:00:06.483, Time elapsed: 01:51:09.877
 Supports only single TOS(TOS0) routes
 Supports opaque LSA
 Supports Link-local Signaling (LLS)
 Supports area transit capability
 Supports NSSA (compatible with RFC 3101)
 Event-log enabled, Maximum number of events: 1000, Mode: cyclic
 Router is not originating router-LSAs with maximum metric
 Initial SPF schedule delay 5000 msecs
 Minimum hold time between two consecutive SPFs 10000 msecs
 Maximum wait time between two consecutive SPFs 10000 msecs
 Incremental-SPF disabled
 Minimum LSA interval 5 secs
 Minimum LSA arrival 1000 msecs
 LSA group pacing timer 240 secs
 Interface flood pacing timer 33 msecs
 Retransmission pacing timer 66 msecs
 Number of external LSA 0. Checksum Sum 0x000000
 Number of opaque AS LSA 0. Checksum Sum 0x000000
 Number of DCbitless external and opaque AS LSA 0
 Number of DoNotAge external and opaque AS LSA 0
 Number of areas in this router is 1. 1 normal 0 stub 0 nssa
 Number of areas transit capable is 0
 External flood list length 0
 IETF NSF helper support enabled
 Cisco NSF helper support enabled
 Reference bandwidth unit is 100 mbps
    Area BACKBONE(0)
        Number of interfaces in this area is 4 (1 loopback)
	Area has no authentication
	SPF algorithm last executed 01:50:14.006 ago
	SPF algorithm executed 3 times
	Area ranges are
	Number of LSA 6. Checksum Sum 0x02DC5D
	Number of opaque link LSA 0. Checksum Sum 0x000000
	Number of DCbitless LSA 0
	Number of indication LSA 0
	Number of DoNotAge LSA 0
	Flood list length 0

R9-300#
[2020-03-24 12:14:01,373] +++ R9-300: executing command 'show ip protocols' +++
show ip protocols
*** IP Routing is NSF aware ***

Routing Protocol is "application"
  Sending updates every 0 seconds
  Invalid after 0 seconds, hold down 0, flushed after 0
  Outgoing update filter list for all interfaces is not set
  Incoming update filter list for all interfaces is not set
  Maximum path: 32
  Routing for Networks:
  Routing Information Sources:
    Gateway         Distance      Last Update
  Distance: (default is 4)

Routing Protocol is "ospf 1"
  Outgoing update filter list for all interfaces is not set
  Incoming update filter list for all interfaces is not set
  Router ID 9.9.9.9
  Number of areas in this router is 1. 1 normal 0 stub 0 nssa
  Maximum path: 4
  Routing for Networks:
    9.9.9.9 0.0.0.0 area 0
    10.1.1.0 0.0.0.255 area 0
    10.1.3.0 0.0.0.255 area 0
    200.1.3.0 0.0.0.255 area 0
  Routing Information Sources:
    Gateway         Distance      Last Update
    8.8.8.8              110      01:50:14
    10.10.10.10          110      01:50:14
  Distance: (default is 110)

Routing Protocol is "bgp 300"
  Outgoing update filter list for all interfaces is not set
  Incoming update filter list for all interfaces is not set
  IGP synchronization is disabled
  Automatic route summarization is disabled
  Redistributing: ospf 1 (internal)
                  
  Neighbor(s):
    Address          FiltIn FiltOut DistIn DistOut Weight RouteMap
    10.1.1.1                                             
    200.1.3.2                                            
  Maximum path: 1
  Routing Information Sources:
    Gateway         Distance      Last Update
    10.1.1.1             200      01:49:57
    200.1.3.2             20      00:03:01
  Distance: external 20 internal 200 local 200

R9-300#
[2020-03-24 12:14:01,580] +++ R9-300: executing command 'show running-config | section router ospf 1' +++
show running-config | section router ospf 1
router ospf 1
 network 9.9.9.9 0.0.0.0 area 0
 network 10.1.1.0 0.0.0.255 area 0
 network 10.1.3.0 0.0.0.255 area 0
 network 200.1.3.0 0.0.0.255 area 0
R9-300#
[2020-03-24 12:14:01,935] +++ R9-300: executing command 'show ip ospf mpls ldp interface' +++
show ip ospf mpls ldp interface
Loopback0
  Process ID 1, Area 0
  LDP is not configured through LDP autoconfig
  LDP-IGP Synchronization : Not required
  Holddown timer is disabled
  Interface is up 
Ethernet0/2
  Process ID 1, Area 0
  LDP is not configured through LDP autoconfig
  LDP-IGP Synchronization : Not required
  Holddown timer is disabled
  Interface is up 
Ethernet0/1
  Process ID 1, Area 0
  LDP is not configured through LDP autoconfig
  LDP-IGP Synchronization : Not required
  Holddown timer is disabled
  Interface is up 
Ethernet0/0
  Process ID 1, Area 0
  LDP is not configured through LDP autoconfig
  LDP-IGP Synchronization : Not required
  Holddown timer is disabled
  Interface is up 
R9-300#
[2020-03-24 12:14:02,108] +++ R9-300: executing command 'show ip ospf mpls traffic-eng link' +++
show ip ospf mpls traffic-eng link

            OSPF Router with ID (9.9.9.9) (Process ID 1)

  Area 0 MPLS TE not initialized
R9-300#
[2020-03-24 12:14:02,281] +++ R9-300: executing command 'show running-config | section router ospf 1' +++
show running-config | section router ospf 1
router ospf 1
 network 9.9.9.9 0.0.0.0 area 0
 network 10.1.1.0 0.0.0.255 area 0
 network 10.1.3.0 0.0.0.255 area 0
 network 200.1.3.0 0.0.0.255 area 0
R9-300#
[2020-03-24 12:14:02,517] +++ R9-300: executing command 'show ip ospf database router' +++
show ip ospf database router

            OSPF Router with ID (9.9.9.9) (Process ID 1)

		Router Link States (Area 0)

  LS age: 590
  Options: (No TOS-capability, DC)
  LS Type: Router Links
  Link State ID: 8.8.8.8
  Advertising Router: 8.8.8.8
  LS Seq Number: 80000007
  Checksum: 0x3130
  Length: 60
  Number of Links: 3

    Link connected to: a Stub Network
     (Link ID) Network/subnet number: 8.8.8.8
     (Link Data) Network Mask: 255.255.255.255
      Number of MTID metrics: 0
       TOS 0 Metrics: 1

    Link connected to: a Transit Network
     (Link ID) Designated Router address: 10.1.2.2
     (Link Data) Router Interface address: 10.1.2.1
      Number of MTID metrics: 0
       TOS 0 Metrics: 10

    Link connected to: a Transit Network
     (Link ID) Designated Router address: 10.1.1.2
     (Link Data) Router Interface address: 10.1.1.1
      Number of MTID metrics: 0
       TOS 0 Metrics: 10


  LS age: 627
  Options: (No TOS-capability, DC)
  LS Type: Router Links
  Link State ID: 9.9.9.9
  Advertising Router: 9.9.9.9
  LS Seq Number: 80000007
  Checksum: 0x1A51
  Length: 72
  Number of Links: 4

    Link connected to: a Stub Network
     (Link ID) Network/subnet number: 9.9.9.9
     (Link Data) Network Mask: 255.255.255.255
      Number of MTID metrics: 0
       TOS 0 Metrics: 1

    Link connected to: a Stub Network
     (Link ID) Network/subnet number: 200.1.3.0
     (Link Data) Network Mask: 255.255.255.0
      Number of MTID metrics: 0
       TOS 0 Metrics: 10

    Link connected to: a Transit Network
     (Link ID) Designated Router address: 10.1.3.2
     (Link Data) Router Interface address: 10.1.3.1
      Number of MTID metrics: 0
       TOS 0 Metrics: 10

    Link connected to: a Transit Network
     (Link ID) Designated Router address: 10.1.1.2
     (Link Data) Router Interface address: 10.1.1.2
      Number of MTID metrics: 0
       TOS 0 Metrics: 10


  LS age: 609
  Options: (No TOS-capability, DC)
  LS Type: Router Links
  Link State ID: 10.10.10.10
  Advertising Router: 10.10.10.10
  LS Seq Number: 80000006
  Checksum: 0x93B0
  Length: 60
  Number of Links: 3

    Link connected to: a Stub Network
     (Link ID) Network/subnet number: 10.10.10.10
     (Link Data) Network Mask: 255.255.255.255
      Number of MTID metrics: 0
       TOS 0 Metrics: 1

    Link connected to: a Transit Network
     (Link ID) Designated Router address: 10.1.3.2
     (Link Data) Router Interface address: 10.1.3.2
      Number of MTID metrics: 0
       TOS 0 Metrics: 10

    Link connected to: a Transit Network
     (Link ID) Designated Router address: 10.1.2.2
     (Link Data) Router Interface address: 10.1.2.2
      Number of MTID metrics: 0
       TOS 0 Metrics: 10


R9-300#
[2020-03-24 12:14:02,681] +++ R9-300: executing command 'show ip ospf database network' +++
show ip ospf database network

            OSPF Router with ID (9.9.9.9) (Process ID 1)

		Net Link States (Area 0)

  Routing Bit Set on this LSA in topology Base with MTID 0
  LS age: 627
  Options: (No TOS-capability, DC)
  LS Type: Network Links
  Link State ID: 10.1.1.2 (address of Designated Router)
  Advertising Router: 9.9.9.9
  LS Seq Number: 80000004
  Checksum: 0xA11F
  Length: 32
  Network Mask: /24
	Attached Router: 9.9.9.9
	Attached Router: 8.8.8.8

  Routing Bit Set on this LSA in topology Base with MTID 0
  LS age: 609
  Options: (No TOS-capability, DC)
  LS Type: Network Links
  Link State ID: 10.1.2.2 (address of Designated Router)
  Advertising Router: 10.10.10.10
  LS Seq Number: 80000004
  Checksum: 0x9A1D
  Length: 32
  Network Mask: /24
	Attached Router: 10.10.10.10
	Attached Router: 8.8.8.8

  Routing Bit Set on this LSA in topology Base with MTID 0
  LS age: 609
  Options: (No TOS-capability, DC)
  LS Type: Network Links
  Link State ID: 10.1.3.2 (address of Designated Router)
  Advertising Router: 10.10.10.10
  LS Seq Number: 80000004
  Checksum: 0xC1F0
  Length: 32
  Network Mask: /24
	Attached Router: 10.10.10.10
	Attached Router: 9.9.9.9

R9-300#
[2020-03-24 12:14:02,788] +++ R9-300: executing command 'show ip ospf database external' +++
show ip ospf database external

            OSPF Router with ID (9.9.9.9) (Process ID 1)
R9-300#
[2020-03-24 12:14:02,901] +++ R9-300: executing command 'show ip ospf database summary' +++
show ip ospf database summary

            OSPF Router with ID (9.9.9.9) (Process ID 1)
R9-300#
[2020-03-24 12:14:03,052] +++ R9-300: executing command 'show ip ospf database opaque-area' +++
show ip ospf database opaque-area

            OSPF Router with ID (9.9.9.9) (Process ID 1)
R9-300#
[2020-03-24 12:14:03,317] +++ R9-300: executing command 'show ip ospf virtual-links' +++
show ip ospf virtual-links
R9-300#
[2020-03-24 12:14:03,486] +++ R9-300: executing command 'show ip ospf interface' +++
show ip ospf interface
Loopback0 is up, line protocol is up 
  Internet Address 9.9.9.9/32, Area 0, Attached via Network Statement
  Process ID 1, Router ID 9.9.9.9, Network Type LOOPBACK, Cost: 1
  Topology-MTID    Cost    Disabled    Shutdown      Topology Name
        0           1         no          no            Base
  Loopback interface is treated as a stub Host
Ethernet0/2 is up, line protocol is up 
  Internet Address 200.1.3.1/24, Area 0, Attached via Network Statement
  Process ID 1, Router ID 9.9.9.9, Network Type BROADCAST, Cost: 10
  Topology-MTID    Cost    Disabled    Shutdown      Topology Name
        0           10        no          no            Base
  Transmit Delay is 1 sec, State DR, Priority 1
  Designated Router (ID) 9.9.9.9, Interface address 200.1.3.1
  No backup designated router on this network
  Timer intervals configured, Hello 10, Dead 40, Wait 40, Retransmit 5
    oob-resync timeout 40
    Hello due in 00:00:00
  Supports Link-local Signaling (LLS)
  Cisco NSF helper support enabled
  IETF NSF helper support enabled
  Index 4/4, flood queue length 0
  Next 0x0(0)/0x0(0)
  Last flood scan length is 0, maximum is 0
  Last flood scan time is 0 msec, maximum is 0 msec
  Neighbor Count is 0, Adjacent neighbor count is 0 
  Suppress hello for 0 neighbor(s)
Ethernet0/1 is up, line protocol is up 
  Internet Address 10.1.3.1/24, Area 0, Attached via Network Statement
  Process ID 1, Router ID 9.9.9.9, Network Type BROADCAST, Cost: 10
  Topology-MTID    Cost    Disabled    Shutdown      Topology Name
        0           10        no          no            Base
  Transmit Delay is 1 sec, State BDR, Priority 1
  Designated Router (ID) 10.10.10.10, Interface address 10.1.3.2
  Backup Designated router (ID) 9.9.9.9, Interface address 10.1.3.1
  Timer intervals configured, Hello 10, Dead 40, Wait 40, Retransmit 5
    oob-resync timeout 40
    Hello due in 00:00:03
  Supports Link-local Signaling (LLS)
  Cisco NSF helper support enabled
  IETF NSF helper support enabled
  Index 3/3, flood queue length 0
  Next 0x0(0)/0x0(0)
  Last flood scan length is 1, maximum is 1
  Last flood scan time is 0 msec, maximum is 0 msec
  Neighbor Count is 1, Adjacent neighbor count is 1 
    Adjacent with neighbor 10.10.10.10  (Designated Router)
  Suppress hello for 0 neighbor(s)
Ethernet0/0 is up, line protocol is up 
  Internet Address 10.1.1.2/24, Area 0, Attached via Network Statement
  Process ID 1, Router ID 9.9.9.9, Network Type BROADCAST, Cost: 10
  Topology-MTID    Cost    Disabled    Shutdown      Topology Name
        0           10        no          no            Base
  Transmit Delay is 1 sec, State DR, Priority 1
  Designated Router (ID) 9.9.9.9, Interface address 10.1.1.2
  Backup Designated router (ID) 8.8.8.8, Interface address 10.1.1.1
  Timer intervals configured, Hello 10, Dead 40, Wait 40, Retransmit 5
    oob-resync timeout 40
    Hello due in 00:00:02
  Supports Link-local Signaling (LLS)
  Cisco NSF helper support enabled
  IETF NSF helper support enabled
  Index 2/2, flood queue length 0
  Next 0x0(0)/0x0(0)
  Last flood scan length is 0, maximum is 1
  Last flood scan time is 0 msec, maximum is 0 msec
  Neighbor Count is 1, Adjacent neighbor count is 1 
    Adjacent with neighbor 8.8.8.8  (Backup Designated Router)
  Suppress hello for 0 neighbor(s)
R9-300#
[2020-03-24 12:14:03,632] +++ R9-300: executing command 'show running-config | section router ospf 1' +++
show running-config | section router ospf 1
router ospf 1
 network 9.9.9.9 0.0.0.0 area 0
 network 10.1.1.0 0.0.0.255 area 0
 network 10.1.3.0 0.0.0.255 area 0
 network 200.1.3.0 0.0.0.255 area 0
R9-300#
[2020-03-24 12:14:03,986] +++ R9-300: executing command 'show running-config | section router ospf 1' +++
show running-config | section router ospf 1
router ospf 1
 network 9.9.9.9 0.0.0.0 area 0
 network 10.1.1.0 0.0.0.255 area 0
 network 10.1.3.0 0.0.0.255 area 0
 network 200.1.3.0 0.0.0.255 area 0
R9-300#
[2020-03-24 12:14:04,207] +++ R9-300: executing command 'show running-config | section router ospf 1' +++
show running-config | section router ospf 1
router ospf 1
 network 9.9.9.9 0.0.0.0 area 0
 network 10.1.1.0 0.0.0.255 area 0
 network 10.1.3.0 0.0.0.255 area 0
 network 200.1.3.0 0.0.0.255 area 0
R9-300#
[2020-03-24 12:14:04,395] +++ R9-300: executing command 'show running-config | section router ospf 1' +++
show running-config | section router ospf 1
router ospf 1
 network 9.9.9.9 0.0.0.0 area 0
 network 10.1.1.0 0.0.0.255 area 0
 network 10.1.3.0 0.0.0.255 area 0
 network 200.1.3.0 0.0.0.255 area 0
R9-300#
[2020-03-24 12:14:04,625] +++ R9-300: executing command 'show ip ospf neighbor detail' +++
show ip ospf neighbor detail
 Neighbor 10.10.10.10, interface address 10.1.3.2
    In the area 0 via interface Ethernet0/1
    Neighbor priority is 1, State is FULL, 6 state changes
    DR is 10.1.3.2 BDR is 10.1.3.1
    Options is 0x12 in Hello (E-bit, L-bit)
    Options is 0x52 in DBD (E-bit, L-bit, O-bit)
    LLS Options is 0x1 (LR)
    Dead timer due in 00:00:37
    Neighbor is up for 01:51:03
    Index 1/1, retransmission queue length 0, number of retransmission 0
    First 0x0(0)/0x0(0) Next 0x0(0)/0x0(0)
    Last retransmission scan length is 0, maximum is 0
    Last retransmission scan time is 0 msec, maximum is 0 msec
 Neighbor 8.8.8.8, interface address 10.1.1.1
    In the area 0 via interface Ethernet0/0
    Neighbor priority is 1, State is FULL, 6 state changes
    DR is 10.1.1.2 BDR is 10.1.1.1
    Options is 0x12 in Hello (E-bit, L-bit)
    Options is 0x52 in DBD (E-bit, L-bit, O-bit)
    LLS Options is 0x1 (LR)
    Dead timer due in 00:00:31
    Neighbor is up for 01:51:03
    Index 2/2, retransmission queue length 0, number of retransmission 0
    First 0x0(0)/0x0(0) Next 0x0(0)/0x0(0)
    Last retransmission scan length is 0, maximum is 0
    Last retransmission scan time is 0 msec, maximum is 0 msec
R9-300#
[2020-03-24 12:14:04,864] +++ R9-300: executing command 'show ip ospf interface | section Ethernet0/1' +++
show ip ospf interface | section Ethernet0/1
Ethernet0/1 is up, line protocol is up 
  Internet Address 10.1.3.1/24, Area 0, Attached via Network Statement
  Process ID 1, Router ID 9.9.9.9, Network Type BROADCAST, Cost: 10
  Topology-MTID    Cost    Disabled    Shutdown      Topology Name
        0           10        no          no            Base
  Transmit Delay is 1 sec, State BDR, Priority 1
  Designated Router (ID) 10.10.10.10, Interface address 10.1.3.2
  Backup Designated router (ID) 9.9.9.9, Interface address 10.1.3.1
  Timer intervals configured, Hello 10, Dead 40, Wait 40, Retransmit 5
    oob-resync timeout 40
    Hello due in 00:00:01
  Supports Link-local Signaling (LLS)
  Cisco NSF helper support enabled
  IETF NSF helper support enabled
  Index 3/3, flood queue length 0
  Next 0x0(0)/0x0(0)
  Last flood scan length is 1, maximum is 1
  Last flood scan time is 0 msec, maximum is 0 msec
  Neighbor Count is 1, Adjacent neighbor count is 1 
    Adjacent with neighbor 10.10.10.10  (Designated Router)
  Suppress hello for 0 neighbor(s)
R9-300#
[2020-03-24 12:14:04,978] +++ R9-300: executing command 'show running-config | section router ospf 1' +++
show running-config | section router ospf 1
router ospf 1
 network 9.9.9.9 0.0.0.0 area 0
 network 10.1.1.0 0.0.0.255 area 0
 network 10.1.3.0 0.0.0.255 area 0
 network 200.1.3.0 0.0.0.255 area 0
R9-300#
[2020-03-24 12:14:05,387] +++ R9-300: executing command 'show ip ospf interface | section Ethernet0/0' +++
show ip ospf interface | section Ethernet0/0
Ethernet0/0 is up, line protocol is up 
  Internet Address 10.1.1.2/24, Area 0, Attached via Network Statement
  Process ID 1, Router ID 9.9.9.9, Network Type BROADCAST, Cost: 10
  Topology-MTID    Cost    Disabled    Shutdown      Topology Name
        0           10        no          no            Base
  Transmit Delay is 1 sec, State DR, Priority 1
  Designated Router (ID) 9.9.9.9, Interface address 10.1.1.2
  Backup Designated router (ID) 8.8.8.8, Interface address 10.1.1.1
  Timer intervals configured, Hello 10, Dead 40, Wait 40, Retransmit 5
    oob-resync timeout 40
    Hello due in 00:00:00
  Supports Link-local Signaling (LLS)
  Cisco NSF helper support enabled
  IETF NSF helper support enabled
  Index 2/2, flood queue length 0
  Next 0x0(0)/0x0(0)
  Last flood scan length is 0, maximum is 1
  Last flood scan time is 0 msec, maximum is 0 msec
  Neighbor Count is 1, Adjacent neighbor count is 1 
    Adjacent with neighbor 8.8.8.8  (Backup Designated Router)
  Suppress hello for 0 neighbor(s)
R9-300#
[2020-03-24 12:14:05,595] +++ R9-300: executing command 'show running-config | section router ospf 1' +++
show running-config | section router ospf 1
router ospf 1
 network 9.9.9.9 0.0.0.0 area 0
 network 10.1.1.0 0.0.0.255 area 0
 network 10.1.3.0 0.0.0.255 area 0
 network 200.1.3.0 0.0.0.255 area 0
R9-300#
[2020-03-24 12:14:05,976] +++ R9-300: executing command 'show ip ospf sham-links' +++
show ip ospf sham-links
R9-300#</msg>
<status status="PASS" starttime="20200324 12:13:07.348" endtime="20200324 12:14:06.658"></status>
</kw>
<status status="PASS" starttime="20200324 12:13:07.346" endtime="20200324 12:14:06.658" critical="yes"></status>
</test>
<status status="PASS" starttime="20200324 12:12:56.989" endtime="20200324 12:14:06.659"></status>
</suite>
<statistics>
<total>
<stat pass="2" fail="0">Critical Tests</stat>
<stat pass="2" fail="0">All Tests</stat>
</total>
<tag>
</tag>
<suite>
<stat pass="2" fail="0" id="s1" name="Robot Initial">Robot Initial</stat>
</suite>
</statistics>
<errors>
<msg timestamp="20200324 12:12:57.536" level="WARN">Could not load the Datafile correctly</msg>
</errors>
</robot>
